0 info it worked if it ends with ok
1 verbose cli [ '/usr/local/bin/node', '/usr/local/bin/npm', 'run', 'rollup' ]
2 info using npm@3.10.10
3 info using node@v6.10.2
4 verbose run-script [ 'prerollup', 'rollup', 'postrollup' ]
5 info lifecycle njp-tag@1.0.0~prerollup: njp-tag@1.0.0
6 silly lifecycle njp-tag@1.0.0~prerollup: no script for prerollup, continuing
7 info lifecycle njp-tag@1.0.0~rollup: njp-tag@1.0.0
8 verbose lifecycle njp-tag@1.0.0~rollup: unsafe-perm in lifecycle true
9 verbose lifecycle njp-tag@1.0.0~rollup: PATH: /usr/local/lib/node_modules/npm/bin/node-gyp-bin:/Users/neilanderson/Projects/tag/node_modules/.bin:/usr/local/bin:/usr/bin:/bin:/usr/sbin:/sbin
10 verbose lifecycle njp-tag@1.0.0~rollup: CWD: /Users/neilanderson/Projects/tag
11 silly lifecycle njp-tag@1.0.0~rollup: Args: [ '-c', 'rollup -c' ]
12 silly lifecycle njp-tag@1.0.0~rollup: Returned: code: 1  signal: null
13 info lifecycle njp-tag@1.0.0~rollup: Failed to exec rollup script
14 verbose stack Error: njp-tag@1.0.0 rollup: `rollup -c`
14 verbose stack Exit status 1
14 verbose stack     at EventEmitter.<anonymous> (/usr/local/lib/node_modules/npm/lib/utils/lifecycle.js:255:16)
14 verbose stack     at emitTwo (events.js:106:13)
14 verbose stack     at EventEmitter.emit (events.js:191:7)
14 verbose stack     at ChildProcess.<anonymous> (/usr/local/lib/node_modules/npm/lib/utils/spawn.js:40:14)
14 verbose stack     at emitTwo (events.js:106:13)
14 verbose stack     at ChildProcess.emit (events.js:191:7)
14 verbose stack     at maybeClose (internal/child_process.js:886:16)
14 verbose stack     at Process.ChildProcess._handle.onexit (internal/child_process.js:226:5)
15 verbose pkgid njp-tag@1.0.0
16 verbose cwd /Users/neilanderson/Projects/tag
17 error Darwin 16.5.0
18 error argv "/usr/local/bin/node" "/usr/local/bin/npm" "run" "rollup"
19 error node v6.10.2
20 error npm  v3.10.10
21 error code ELIFECYCLE
22 error njp-tag@1.0.0 rollup: `rollup -c`
22 error Exit status 1
23 error Failed at the njp-tag@1.0.0 rollup script 'rollup -c'.
23 error Make sure you have the latest version of node.js and npm installed.
23 error If you do, this is most likely a problem with the njp-tag package,
23 error not with npm itself.
23 error Tell the author that this fails on your system:
23 error     rollup -c
23 error You can get information on how to open an issue for this project with:
23 error     npm bugs njp-tag
23 error Or if that isn't available, you can get their info via:
23 error     npm owner ls njp-tag
23 error There is likely additional logging output above.
24 verbose exit [ 1, true ]
